<?xml version="1.0" encoding="UTF-8"?>
<coverage generated="1714050164700" clover="3.2.0">
  <project timestamp="1714050164700" name="All files">
    <metrics statements="47" coveredstatements="2" conditionals="0" coveredconditionals="0" methods="47" coveredmethods="2" elements="94" coveredelements="4" complexity="0" loc="47" ncloc="47" packages="6" files="46" classes="46"/>
    <package name="array">
      <metrics statements="31" coveredstatements="2" conditionals="0" coveredconditionals="0" methods="31" coveredmethods="2"/>
      <file name="chunk.ts" path="/Users/evan/dev/enterprise/js-utils/src/array/chunk.ts">
        <metrics statements="1" coveredstatements="0" conditionals="0" coveredconditionals="0" methods="1" coveredmethods="0"/>
        <line num="2" count="0" type="stmt"/>
      </file>
      <file name="difference.ts" path="/Users/evan/dev/enterprise/js-utils/src/array/difference.ts">
        <metrics statements="1" coveredstatements="0" conditionals="0" coveredconditionals="0" methods="1" coveredmethods="0"/>
        <line num="2" count="0" type="stmt"/>
      </file>
      <file name="differenceBy.ts" path="/Users/evan/dev/enterprise/js-utils/src/array/differenceBy.ts">
        <metrics statements="1" coveredstatements="0" conditionals="0" coveredconditionals="0" methods="1" coveredmethods="0"/>
        <line num="2" count="0" type="stmt"/>
      </file>
      <file name="differenceWith.ts" path="/Users/evan/dev/enterprise/js-utils/src/array/differenceWith.ts">
        <metrics statements="1" coveredstatements="0" conditionals="0" coveredconditionals="0" methods="1" coveredmethods="0"/>
        <line num="2" count="0" type="stmt"/>
      </file>
      <file name="drop.ts" path="/Users/evan/dev/enterprise/js-utils/src/array/drop.ts">
        <metrics statements="1" coveredstatements="0" conditionals="0" coveredconditionals="0" methods="1" coveredmethods="0"/>
        <line num="2" count="0" type="stmt"/>
      </file>
      <file name="dropRight.ts" path="/Users/evan/dev/enterprise/js-utils/src/array/dropRight.ts">
        <metrics statements="1" coveredstatements="0" conditionals="0" coveredconditionals="0" methods="1" coveredmethods="0"/>
        <line num="2" count="0" type="stmt"/>
      </file>
      <file name="dropRightWhile.ts" path="/Users/evan/dev/enterprise/js-utils/src/array/dropRightWhile.ts">
        <metrics statements="1" coveredstatements="0" conditionals="0" coveredconditionals="0" methods="1" coveredmethods="0"/>
        <line num="2" count="0" type="stmt"/>
      </file>
      <file name="dropWhile.ts" path="/Users/evan/dev/enterprise/js-utils/src/array/dropWhile.ts">
        <metrics statements="1" coveredstatements="0" conditionals="0" coveredconditionals="0" methods="1" coveredmethods="0"/>
        <line num="2" count="0" type="stmt"/>
      </file>
      <file name="groupBy.ts" path="/Users/evan/dev/enterprise/js-utils/src/array/groupBy.ts">
        <metrics statements="1" coveredstatements="0" conditionals="0" coveredconditionals="0" methods="1" coveredmethods="0"/>
        <line num="2" count="0" type="stmt"/>
      </file>
      <file name="intersection.ts" path="/Users/evan/dev/enterprise/js-utils/src/array/intersection.ts">
        <metrics statements="2" coveredstatements="2" conditionals="0" coveredconditionals="0" methods="2" coveredmethods="2"/>
        <line num="10" count="4" type="stmt"/>
        <line num="11" count="6" type="stmt"/>
      </file>
      <file name="intersectionBy.ts" path="/Users/evan/dev/enterprise/js-utils/src/array/intersectionBy.ts">
        <metrics statements="1" coveredstatements="0" conditionals="0" coveredconditionals="0" methods="1" coveredmethods="0"/>
        <line num="2" count="0" type="stmt"/>
      </file>
      <file name="intersectionWith.ts" path="/Users/evan/dev/enterprise/js-utils/src/array/intersectionWith.ts">
        <metrics statements="1" coveredstatements="0" conditionals="0" coveredconditionals="0" methods="1" coveredmethods="0"/>
        <line num="2" count="0" type="stmt"/>
      </file>
      <file name="partition.ts" path="/Users/evan/dev/enterprise/js-utils/src/array/partition.ts">
        <metrics statements="1" coveredstatements="0" conditionals="0" coveredconditionals="0" methods="1" coveredmethods="0"/>
        <line num="2" count="0" type="stmt"/>
      </file>
      <file name="sample.ts" path="/Users/evan/dev/enterprise/js-utils/src/array/sample.ts">
        <metrics statements="1" coveredstatements="0" conditionals="0" coveredconditionals="0" methods="1" coveredmethods="0"/>
        <line num="2" count="0" type="stmt"/>
      </file>
      <file name="shuffle.ts" path="/Users/evan/dev/enterprise/js-utils/src/array/shuffle.ts">
        <metrics statements="1" coveredstatements="0" conditionals="0" coveredconditionals="0" methods="1" coveredmethods="0"/>
        <line num="2" count="0" type="stmt"/>
      </file>
      <file name="take.ts" path="/Users/evan/dev/enterprise/js-utils/src/array/take.ts">
        <metrics statements="1" coveredstatements="0" conditionals="0" coveredconditionals="0" methods="1" coveredmethods="0"/>
        <line num="2" count="0" type="stmt"/>
      </file>
      <file name="takeRight.ts" path="/Users/evan/dev/enterprise/js-utils/src/array/takeRight.ts">
        <metrics statements="1" coveredstatements="0" conditionals="0" coveredconditionals="0" methods="1" coveredmethods="0"/>
        <line num="2" count="0" type="stmt"/>
      </file>
      <file name="takeRightWhile.ts" path="/Users/evan/dev/enterprise/js-utils/src/array/takeRightWhile.ts">
        <metrics statements="1" coveredstatements="0" conditionals="0" coveredconditionals="0" methods="1" coveredmethods="0"/>
        <line num="2" count="0" type="stmt"/>
      </file>
      <file name="takeWhile.ts" path="/Users/evan/dev/enterprise/js-utils/src/array/takeWhile.ts">
        <metrics statements="1" coveredstatements="0" conditionals="0" coveredconditionals="0" methods="1" coveredmethods="0"/>
        <line num="2" count="0" type="stmt"/>
      </file>
      <file name="union.ts" path="/Users/evan/dev/enterprise/js-utils/src/array/union.ts">
        <metrics statements="1" coveredstatements="0" conditionals="0" coveredconditionals="0" methods="1" coveredmethods="0"/>
        <line num="2" count="0" type="stmt"/>
      </file>
      <file name="unionBy.ts" path="/Users/evan/dev/enterprise/js-utils/src/array/unionBy.ts">
        <metrics statements="1" coveredstatements="0" conditionals="0" coveredconditionals="0" methods="1" coveredmethods="0"/>
        <line num="2" count="0" type="stmt"/>
      </file>
      <file name="unionWith.ts" path="/Users/evan/dev/enterprise/js-utils/src/array/unionWith.ts">
        <metrics statements="1" coveredstatements="0" conditionals="0" coveredconditionals="0" methods="1" coveredmethods="0"/>
        <line num="2" count="0" type="stmt"/>
      </file>
      <file name="uniq.ts" path="/Users/evan/dev/enterprise/js-utils/src/array/uniq.ts">
        <metrics statements="1" coveredstatements="0" conditionals="0" coveredconditionals="0" methods="1" coveredmethods="0"/>
        <line num="2" count="0" type="stmt"/>
      </file>
      <file name="uniqBy.ts" path="/Users/evan/dev/enterprise/js-utils/src/array/uniqBy.ts">
        <metrics statements="1" coveredstatements="0" conditionals="0" coveredconditionals="0" methods="1" coveredmethods="0"/>
        <line num="2" count="0" type="stmt"/>
      </file>
      <file name="uniqWith.ts" path="/Users/evan/dev/enterprise/js-utils/src/array/uniqWith.ts">
        <metrics statements="1" coveredstatements="0" conditionals="0" coveredconditionals="0" methods="1" coveredmethods="0"/>
        <line num="2" count="0" type="stmt"/>
      </file>
      <file name="xor.ts" path="/Users/evan/dev/enterprise/js-utils/src/array/xor.ts">
        <metrics statements="1" coveredstatements="0" conditionals="0" coveredconditionals="0" methods="1" coveredmethods="0"/>
        <line num="2" count="0" type="stmt"/>
      </file>
      <file name="xorBy.ts" path="/Users/evan/dev/enterprise/js-utils/src/array/xorBy.ts">
        <metrics statements="1" coveredstatements="0" conditionals="0" coveredconditionals="0" methods="1" coveredmethods="0"/>
        <line num="2" count="0" type="stmt"/>
      </file>
      <file name="xorWith.ts" path="/Users/evan/dev/enterprise/js-utils/src/array/xorWith.ts">
        <metrics statements="1" coveredstatements="0" conditionals="0" coveredconditionals="0" methods="1" coveredmethods="0"/>
        <line num="2" count="0" type="stmt"/>
      </file>
      <file name="zip.ts" path="/Users/evan/dev/enterprise/js-utils/src/array/zip.ts">
        <metrics statements="1" coveredstatements="0" conditionals="0" coveredconditionals="0" methods="1" coveredmethods="0"/>
        <line num="2" count="0" type="stmt"/>
      </file>
      <file name="zipWith.ts" path="/Users/evan/dev/enterprise/js-utils/src/array/zipWith.ts">
        <metrics statements="1" coveredstatements="0" conditionals="0" coveredconditionals="0" methods="1" coveredmethods="0"/>
        <line num="2" count="0" type="stmt"/>
      </file>
    </package>
    <package name="function">
      <metrics statements="4" coveredstatements="0" conditionals="0" coveredconditionals="0" methods="4" coveredmethods="0"/>
      <file name="debounce.ts" path="/Users/evan/dev/enterprise/js-utils/src/function/debounce.ts">
        <metrics statements="1" coveredstatements="0" conditionals="0" coveredconditionals="0" methods="1" coveredmethods="0"/>
        <line num="2" count="0" type="stmt"/>
      </file>
      <file name="memo.ts" path="/Users/evan/dev/enterprise/js-utils/src/function/memo.ts">
        <metrics statements="1" coveredstatements="0" conditionals="0" coveredconditionals="0" methods="1" coveredmethods="0"/>
        <line num="2" count="0" type="stmt"/>
      </file>
      <file name="once.ts" path="/Users/evan/dev/enterprise/js-utils/src/function/once.ts">
        <metrics statements="1" coveredstatements="0" conditionals="0" coveredconditionals="0" methods="1" coveredmethods="0"/>
        <line num="2" count="0" type="stmt"/>
      </file>
      <file name="throttle.ts" path="/Users/evan/dev/enterprise/js-utils/src/function/throttle.ts">
        <metrics statements="1" coveredstatements="0" conditionals="0" coveredconditionals="0" methods="1" coveredmethods="0"/>
        <line num="2" count="0" type="stmt"/>
      </file>
    </package>
    <package name="math">
      <metrics statements="3" coveredstatements="0" conditionals="0" coveredconditionals="0" methods="3" coveredmethods="0"/>
      <file name="clamp.ts" path="/Users/evan/dev/enterprise/js-utils/src/math/clamp.ts">
        <metrics statements="1" coveredstatements="0" conditionals="0" coveredconditionals="0" methods="1" coveredmethods="0"/>
        <line num="2" count="0" type="stmt"/>
      </file>
      <file name="round.ts" path="/Users/evan/dev/enterprise/js-utils/src/math/round.ts">
        <metrics statements="1" coveredstatements="0" conditionals="0" coveredconditionals="0" methods="1" coveredmethods="0"/>
        <line num="2" count="0" type="stmt"/>
      </file>
      <file name="sum.ts" path="/Users/evan/dev/enterprise/js-utils/src/math/sum.ts">
        <metrics statements="1" coveredstatements="0" conditionals="0" coveredconditionals="0" methods="1" coveredmethods="0"/>
        <line num="2" count="0" type="stmt"/>
      </file>
    </package>
    <package name="object">
      <metrics statements="4" coveredstatements="0" conditionals="0" coveredconditionals="0" methods="4" coveredmethods="0"/>
      <file name="omit.ts" path="/Users/evan/dev/enterprise/js-utils/src/object/omit.ts">
        <metrics statements="1" coveredstatements="0" conditionals="0" coveredconditionals="0" methods="1" coveredmethods="0"/>
        <line num="2" count="0" type="stmt"/>
      </file>
      <file name="omitBy.ts" path="/Users/evan/dev/enterprise/js-utils/src/object/omitBy.ts">
        <metrics statements="1" coveredstatements="0" conditionals="0" coveredconditionals="0" methods="1" coveredmethods="0"/>
        <line num="2" count="0" type="stmt"/>
      </file>
      <file name="pick.ts" path="/Users/evan/dev/enterprise/js-utils/src/object/pick.ts">
        <metrics statements="1" coveredstatements="0" conditionals="0" coveredconditionals="0" methods="1" coveredmethods="0"/>
        <line num="2" count="0" type="stmt"/>
      </file>
      <file name="pickBy.ts" path="/Users/evan/dev/enterprise/js-utils/src/object/pickBy.ts">
        <metrics statements="1" coveredstatements="0" conditionals="0" coveredconditionals="0" methods="1" coveredmethods="0"/>
        <line num="2" count="0" type="stmt"/>
      </file>
    </package>
    <package name="predicate">
      <metrics statements="4" coveredstatements="0" conditionals="0" coveredconditionals="0" methods="4" coveredmethods="0"/>
      <file name="isNil.ts" path="/Users/evan/dev/enterprise/js-utils/src/predicate/isNil.ts">
        <metrics statements="1" coveredstatements="0" conditionals="0" coveredconditionals="0" methods="1" coveredmethods="0"/>
        <line num="2" count="0" type="stmt"/>
      </file>
      <file name="isNotNil.ts" path="/Users/evan/dev/enterprise/js-utils/src/predicate/isNotNil.ts">
        <metrics statements="1" coveredstatements="0" conditionals="0" coveredconditionals="0" methods="1" coveredmethods="0"/>
        <line num="2" count="0" type="stmt"/>
      </file>
      <file name="isNull.ts" path="/Users/evan/dev/enterprise/js-utils/src/predicate/isNull.ts">
        <metrics statements="1" coveredstatements="0" conditionals="0" coveredconditionals="0" methods="1" coveredmethods="0"/>
        <line num="2" count="0" type="stmt"/>
      </file>
      <file name="isUndefined.ts" path="/Users/evan/dev/enterprise/js-utils/src/predicate/isUndefined.ts">
        <metrics statements="1" coveredstatements="0" conditionals="0" coveredconditionals="0" methods="1" coveredmethods="0"/>
        <line num="2" count="0" type="stmt"/>
      </file>
    </package>
    <package name="promise">
      <metrics statements="1" coveredstatements="0" conditionals="0" coveredconditionals="0" methods="1" coveredmethods="0"/>
      <file name="delay.ts" path="/Users/evan/dev/enterprise/js-utils/src/promise/delay.ts">
        <metrics statements="1" coveredstatements="0" conditionals="0" coveredconditionals="0" methods="1" coveredmethods="0"/>
        <line num="2" count="0" type="stmt"/>
      </file>
    </package>
  </project>
</coverage>
